
 Performance counter stats for './linear-algebra/kernels/2mm/2mm_time':

        2007022048      cache-misses              #   22.641 % of all cache refs    
      136199882934      instructions                                                
        8864723383      cache-references                                            

      48.401943757 seconds time elapsed


 Performance counter stats for './linear-algebra/kernels/3mm/3mm_time':

        1128397701      cache-misses              #   84.957 % of all cache refs    
       81142581825      instructions                                                
        1328205391      cache-references                                            

      33.359526716 seconds time elapsed


 Performance counter stats for './linear-algebra/kernels/atax/atax_time':

           2144248      cache-misses              #   93.999 % of all cache refs    
         297315790      instructions                                                
           2281140      cache-references                                            

       0.138996601 seconds time elapsed


 Performance counter stats for './linear-algebra/kernels/bicg/bicg_time':

          54616342      cache-misses              #   89.348 % of all cache refs    
        6725579953      instructions                                                
          61127855      cache-references                                            

       4.031596589 seconds time elapsed


 Performance counter stats for './linear-algebra/kernels/cholesky/cholesky_time':

         143357805      cache-misses              #   87.244 % of all cache refs    
       64175906921      instructions                                                
         164318159      cache-references                                            

      19.852231035 seconds time elapsed


 Performance counter stats for './linear-algebra/kernels/doitgen/doitgen_time':

           4810294      cache-misses              #    0.111 % of all cache refs    
       34669494284      instructions                                                
        4314399077      cache-references                                            

      11.284745887 seconds time elapsed


 Performance counter stats for './linear-algebra/kernels/gemm/gemm_time':

        1003229804      cache-misses              #   22.678 % of all cache refs    
       72122037173      instructions                                                
        4423795177      cache-references                                            

      29.638324146 seconds time elapsed


 Performance counter stats for './linear-algebra/kernels/gemver/gemver_time':

         110896307      cache-misses              #   18.770 % of all cache refs    
       12416229124      instructions                                                
         590813892      cache-references                                            

       5.650747868 seconds time elapsed


 Performance counter stats for './linear-algebra/kernels/gesummv/gesummv_time':

          25944283      cache-misses              #   94.575 % of all cache refs    
        1670388449      instructions                                                
          27432595      cache-references                                            

       1.095073781 seconds time elapsed


 Performance counter stats for './linear-algebra/kernels/mvt/mvt_time':

         107515134      cache-misses              #   20.470 % of all cache refs    
        7797868515      instructions                                                
         525227235      cache-references                                            

       4.461050053 seconds time elapsed


 Performance counter stats for './linear-algebra/kernels/symm/symm_time':

        1005440325      cache-misses              #   12.955 % of all cache refs    
       52110918927      instructions                                                
        7760957610      cache-references                                            

      36.055463488 seconds time elapsed


 Performance counter stats for './linear-algebra/kernels/syr2k/syr2k_time':

          70714675      cache-misses              #   41.208 % of all cache refs    
      104128767797      instructions                                                
         171605210      cache-references                                            

      37.987506912 seconds time elapsed


 Performance counter stats for './linear-algebra/kernels/syrk/syrk_time':

          54671251      cache-misses              #   95.304 % of all cache refs    
       64098658847      instructions                                                
          57365035      cache-references                                            

      17.331443682 seconds time elapsed


 Performance counter stats for './linear-algebra/kernels/trisolv/trisolv_time':

          53017761      cache-misses              #   95.074 % of all cache refs    
        3184973226      instructions                                                
          55764858      cache-references                                            

       2.511545186 seconds time elapsed


 Performance counter stats for './linear-algebra/kernels/trmm/trmm_time':

         311430232      cache-misses              #   94.953 % of all cache refs    
      256196409546      instructions                                                
         327982296      cache-references                                            

      56.851154192 seconds time elapsed


 Performance counter stats for './linear-algebra/solvers/durbin/durbin_time':

          37773549      cache-misses              #   18.206 % of all cache refs    
        1519581792      instructions                                                
         207480183      cache-references                                            

       1.378332336 seconds time elapsed


 Performance counter stats for './linear-algebra/solvers/dynprog/dynprog_time':

         422735719      cache-misses              #   36.076 % of all cache refs    
      139678466484      instructions                                                
        1171790904      cache-references                                            

      36.044419623 seconds time elapsed


 Performance counter stats for './linear-algebra/solvers/gramschmidt/gramschmidt_time':

         405618665      cache-misses              #    4.268 % of all cache refs    
       60132064745      instructions                                                
        9503513920      cache-references                                            

      35.587465509 seconds time elapsed


 Performance counter stats for './linear-algebra/solvers/lu/lu_time':

         250472919      cache-misses              #   63.564 % of all cache refs    
      149593885700      instructions                                                
         394048748      cache-references                                            

      37.157096906 seconds time elapsed


 Performance counter stats for './linear-algebra/solvers/ludcmp/ludcmp_time':

        1814116120      cache-misses              #   21.243 % of all cache refs    
      160545334266      instructions                                                
        8539790748      cache-references                                            

      89.302217875 seconds time elapsed


 Performance counter stats for './datamining/correlation/correlation_time':

        1627064559      cache-misses              #    6.034 % of all cache refs    
       94815705272      instructions                                                
       26965463803      cache-references                                            

      66.918383885 seconds time elapsed


 Performance counter stats for './datamining/covariance/covariance_time':

        1625843782      cache-misses              #    6.028 % of all cache refs    
       94780280848      instructions                                                
       26970564171      cache-references                                            

      66.984753319 seconds time elapsed


 Performance counter stats for './medley/floyd-warshall/floyd-warshall_time':

         680846970      cache-misses              #   74.083 % of all cache refs    
      512442184764      instructions                                                
         919034505      cache-references                                            

     134.702829928 seconds time elapsed


 Performance counter stats for './medley/reg_detect/reg_detect_time':

              2570      cache-misses              #   20.044 % of all cache refs    
         100983949      instructions                                                
             12822      cache-references                                            

       0.028647866 seconds time elapsed


 Performance counter stats for './stencils/adi/adi_time':

         130368069      cache-misses              #   77.446 % of all cache refs    
       74701117305      instructions                                                
         168334916      cache-references                                            

      54.407696220 seconds time elapsed


 Performance counter stats for './stencils/fdtd-2d/fdtd-2d_time':

         300889577      cache-misses              #   54.314 % of all cache refs    
      154465046064      instructions                                                
         553982473      cache-references                                            

      57.980229629 seconds time elapsed


 Performance counter stats for './stencils/fdtd-apml/fdtd-apml_time':

           8899234      cache-misses              #   92.005 % of all cache refs    
        1506672116      instructions                                                
           9672552      cache-references                                            

       1.580143025 seconds time elapsed


 Performance counter stats for './stencils/jacobi-1d-imper/jacobi-1d-imper_time':

        1619545290      cache-misses              #   89.698 % of all cache refs    
      120128207275      instructions                                                
        1805544753      cache-references                                            

      48.985665492 seconds time elapsed


 Performance counter stats for './stencils/jacobi-2d-imper/jacobi-2d-imper_time':

         769968496      cache-misses              #   89.201 % of all cache refs    
       96630652634      instructions                                                
         863188192      cache-references                                            

      35.008466281 seconds time elapsed


 Performance counter stats for './stencils/seidel-2d/seidel-2d_time':

          15453446      cache-misses              #   87.775 % of all cache refs    
       48885415939      instructions                                                
          17605827      cache-references                                            

      33.975215350 seconds time elapsed

